<?xml version="1.0" encoding="UTF-8"?>
<!-- Generated by org.testng.reporters.JUnitXMLReporter -->
<testsuite ignored="0" hostname="LAPTOP-D9B72J2S" failures="0" tests="4" name="Default test" time="96.91" errors="0" timestamp="2022-09-27T16:35:05 IST">
  <testcase classname="DockerTest.SeleniumDocker" name="localTest" time="68.141"/>
  <testcase classname="DockerTest.SeleniumDocker" name="localTest" time="78.643"/>
  <testcase classname="DockerTest.SeleniumDocker" name="localTest" time="79.167"/>
  <testcase classname="DockerTest.SeleniumDocker" name="localTest" time="96.552"/>
</testsuite> <!-- Default test -->
