<?xml version="1.0" encoding="UTF-8"?>
<testng-results ignored="0" total="4" passed="4" failed="0" skipped="0">
  <reporter-output>
  </reporter-output>
  <suite started-at="2022-09-27T16:33:28 IST" name="Default suite" finished-at="2022-09-27T16:35:05 IST" duration-ms="96910">
    <groups>
    </groups>
    <test started-at="2022-09-27T16:33:28 IST" name="Default test" finished-at="2022-09-27T16:35:05 IST" duration-ms="96910">
      <class name="DockerTest.SeleniumDocker">
        <test-method signature="localTest(java.lang.String,java.lang.String)[pri:0, instance:DockerTest.SeleniumDocker@7133da86]" started-at="2022-09-27T16:33:28 IST" name="localTest" data-provider="getData" finished-at="2022-09-27T16:35:05 IST" duration-ms="96552" status="PASS">
          <params>
            <param index="0">
              <value>
                <![CDATA[firefox]]>
              </value>
            </param>
            <param index="1">
              <value>
                <![CDATA[104.0]]>
              </value>
            </param>
          </params>
          <reporter-output>
          </reporter-output>
        </test-method> <!-- localTest -->
        <test-method signature="localTest(java.lang.String,java.lang.String)[pri:0, instance:DockerTest.SeleniumDocker@7133da86]" started-at="2022-09-27T16:33:28 IST" name="localTest" data-provider="getData" finished-at="2022-09-27T16:34:47 IST" duration-ms="78643" status="PASS">
          <params>
            <param index="0">
              <value>
                <![CDATA[MicrosoftEdge]]>
              </value>
            </param>
            <param index="1">
              <value>
                <![CDATA[104.0]]>
              </value>
            </param>
          </params>
          <reporter-output>
          </reporter-output>
        </test-method> <!-- localTest -->
        <test-method signature="localTest(java.lang.String,java.lang.String)[pri:0, instance:DockerTest.SeleniumDocker@7133da86]" started-at="2022-09-27T16:33:28 IST" name="localTest" data-provider="getData" finished-at="2022-09-27T16:34:36 IST" duration-ms="68141" status="PASS">
          <params>
            <param index="0">
              <value>
                <![CDATA[chrome]]>
              </value>
            </param>
            <param index="1">
              <value>
                <![CDATA[105.0]]>
              </value>
            </param>
          </params>
          <reporter-output>
          </reporter-output>
        </test-method> <!-- localTest -->
        <test-method signature="localTest(java.lang.String,java.lang.String)[pri:0, instance:DockerTest.SeleniumDocker@7133da86]" started-at="2022-09-27T16:33:28 IST" name="localTest" data-provider="getData" finished-at="2022-09-27T16:34:47 IST" duration-ms="79167" status="PASS">
          <params>
            <param index="0">
              <value>
                <![CDATA[chrome]]>
              </value>
            </param>
            <param index="1">
              <value>
                <![CDATA[105.0]]>
              </value>
            </param>
          </params>
          <reporter-output>
          </reporter-output>
        </test-method> <!-- localTest -->
      </class> <!-- DockerTest.SeleniumDocker -->
    </test> <!-- Default test -->
  </suite> <!-- Default suite -->
</testng-results>
